<?xml version="1.0" encoding="UTF-8"?>
<!-- Generated by org.testng.reporters.JUnitReportReporter -->
<testsuite hostname="himanshus-MacBook-Air.local" name="com.ing.mortgage.services.MortgageServiceTest" tests="1" failures="0" timestamp="11 Dec 2017 21:14:14 GMT" time="0.031" errors="0">
  <testcase name="calculateEMITest" time="0.031" classname="com.ing.mortgage.services.MortgageServiceTest"/>
</testsuite> <!-- com.ing.mortgage.services.MortgageServiceTest -->
